<?xml version="1.0" encoding="UTF-8"?>
<!-- Generated by org.testng.reporters.JUnitXMLReporter -->
<testsuite ignored="0" hostname="IT-DEV-22" failures="0" tests="1" name="Test" time="57.46" errors="0" timestamp="2024-03-03T13:48:08 AST">
  <testcase classname="bankAlEtihadECC.testComponents.BaseTest" name="@AfterMethod tearDown" time="10.135">
    <failure type="org.openqa.selenium.NoSuchFrameException" message="No frame element found by name or id mainFrameSet
Build info: version: &amp;apos;4.18.1&amp;apos;, revision: &amp;apos;b1d3319b48&amp;apos;
System info: os.name: &amp;apos;Windows 11&amp;apos;, os.arch: &amp;apos;amd64&amp;apos;, os.version: &amp;apos;10.0&amp;apos;, java.version: &amp;apos;17.0.9&amp;apos;
Driver info: driver.version: unknown">
      <![CDATA[org.openqa.selenium.NoSuchFrameException: No frame element found by name or id mainFrameSet
Build info: version: '4.18.1', revision: 'b1d3319b48'
System info: os.name: 'Windows 11', os.arch: 'amd64', os.version: '10.0', java.version: '17.0.9'
Driver info: driver.version: unknown
at org.openqa.selenium.remote.RemoteWebDriver$RemoteTargetLocator.frame(RemoteWebDriver.java:1098)
at bankAlEtihadECC.pageObjects.LandingPage.logoutApplication(LandingPage.java:48)
at bankAlEtihadECC.testComponents.BaseTest.tearDown(BaseTest.java:88)
at java.base/java.util.ArrayList.forEach(ArrayList.java:1511)
... Removed 32 stack frames]]>
    </failure>
  </testcase> <!-- @AfterMethod tearDown -->
  <testcase classname="bankAlEtihadECC.tests.OutwardChequesTest" name="outwardChequesTest" time="40.05"/>
</testsuite> <!-- Test -->
